750
0 2
62
576
760 6
588
350 8
77
806 10
123 12
521 15
347
51 18
817 20
551
38
735 26
44 27
481 30
725
81
450
228
87
561
118 31
644
309
536
714 36
263 32
847 37
113
287
153 40
91 46
553 49
724
887
126 47
22
775
441
894 52
34
275
533
28
97 53
5
434 54
569
645
35
383 55
615 57
617 58
260
137 59
141
994
474 61
339 64
262 66
457
96 65
921
11
511 67
120
889
518 68
488
198 69
80 71
877
532
227 72
388 76
286
78
442
29
769 79
719
440
7
963
4
314
90
525 82
101 84
321 85
155 86
758 88
48
171 93
372 95
872 99
550
358
620 94
394 102
584
409 104
236 105
881 108
370
23
567
596
251
813 116
812
629
543 114
252 115
475 117
150 128
911 119
513 124
591
947 129
103
439
348
611
741
726 130
768
145
837 131
557
509
648
292
544 133
485
745
451
740 138
814 134
936
482 143
852
89
878
829
42
673 144
809
711 146
743
471 147
9
903 152
178
622 156
712
908
151 157
630 158
929 160
468
216
183 161
195 162
83
860
335 163
281
443 165
836
873 168
367
997
290 169
864
820
109
825 172
500
647
19
446
406
231 173
341 175
330 180
313
402 182
835 185
677
438 188
851
716 190
204 199
289 191
423
756
563 200
932 206
876 207
39
858 218
707
257 214
267
692
765 215
410 221
148
245
210
508
574
355 223
815
964
605
433
41
890
414 224
899
111
494 226
737 234
344 237
401 238
421
376 242
504
166
942
381
848
92
688
715 243
928 244
907
663
455 246
744 248
982 249
789 250
996 253
458 256
259 264
808 266
179
364
470 269
411
503 270
723
627
203
793 271
802
831
833 273
787
490 280
686 285
386 288
945 291
984 295
679
819
572 297
841 306
885 307
893
626
205
662 304
607 310
462
385 318
469 322
528 324
822
454 327
16
106
746
283
732
750 331
416
332
778
277
361
770 336
661 337
202
600 338
896
480
951
742
452 345
387
3
428 343
211
905
463
727
613
582 353
704
174
121
373 359
189
274
879 365
545 363
690
665 366
670 368
912 371
187
781 375
377
346
540
555
60
197
965 382
520
867
619 384
436
973 390
993 392
432 395
378
70
940 398
212
624 399
838 403
930 405
891 407
772
729
897 413
992
991 408
800 417
73
931
977 415
869
222
514
447 418
232
496 419
830
502
623
397
950
492 422
954
592
14
45
794 424
464 426
522 427
857 437
939
846 444
558 445
755
616
75
142
430
507
609 449
272
301
459 461
247
255
695 465
671
776
315
581 466
391
924
196
538
13
606
230
497
524 476
603 484
754
926
568 478
736
730
181
546
149
209
777
585 487
818 495
771
560
554
517 498
795 501
100
74
112
132
651 510
541
962
460
823
265
799
453
689 512
702
888
706
638
937 523
50
995 527
779
657 529
659 534
752 535
632 537
738
635 542
633 547
43
473
360
412
785
901 548
194
467
861 552
127
217
24
761
352
676 562
342
362
988 564
792
1
298
154
701 571
728
254
710 566
279
898 573
425
643 577
960 578
98
956 580
855
25
602
220
319
258
472
302
505
63
300
393
225
235
519
720 579
957 583
697 586
559
477
140
664 587
866 589
658
177
667
294
909 590
516
268
435
749 595
900
456
919 598
594
241
678
747
668 599
880
922
312
803
764
713
604
340
859
21
33
636 601
208
759 608
797 618
969
840 612
882 625
934 628
299
186
276
961 631
705 634
213
597
284
739
920 637
975
709 653
139
915 660
354
539
986
610
159
646
816 666
821
400
229
493
826
125
565
184
515
675 674
652
349
856 681
850
853 683
718
640
703 684
987
621
656
805 685
431
549
654
865
669
974 696
918 698
219
955
278
357
351
107
913
320
757
788 699
990 700
766
784
796 717
328
980 721
556
923
323
489
649
655
941 731
233
927 751
935
506
334
356
933
305
914
329
972
845
981 753
687
326
167
767
369
953 763
333
296
479
938
240
526
971
902 762
396
811
843
483
824 774
884 773
804
827
404
810 783
782 798
239
389
531
870
733
672
834 801
499
832 828
56
593
261
293
110
641
807
839
136
639
849
379
854
694
722
978
844
420
575
970
650
906
374
943 862
925
985 868
790
842
682
448
17
316
311
895
944
193
967 871
680
642
530
380
968 883
122
135
614
176
949 904
892 910
491
976
917
863
979 916
164
780
170
486
317
691
875
570
201
791
429
958 946
989
192
998
282
303
308
952 999
983
966
325
708
886
693
734
748
786
874
948
959
